RAW2DIGI,L1Reco,RECO,RECOSIM,PAT,VALIDATION:@standardValidationNoHLT+@miniAODValidation,DQM:@standardDQMFakeHLT+@miniAODDQM
We have determined that this is simulation (if not, rerun cmsDriver.py with --data)
entry file:step2.root
Step: RAW2DIGI Spec: 
Step: L1Reco Spec: 
Step: RECO Spec: 
Step: RECOSIM Spec: 
Step: PAT Spec: 
Step: VALIDATION Spec: ['@standardValidationNoHLT', '@miniAODValidation']
@standardValidationNoHLT+@miniAODValidation in preparing validation
Step: DQM Spec: ['@standardDQMFakeHLT', '@miniAODDQM']
customising the process with setCrossingFrameOn from SimGeneral/MixingModule/fullMixCustomize_cff
customising the process with miniAOD_customizeAllMC from PhysicsTools/PatAlgos/slimming/miniAOD_tools
Starting  cmsRun  step3_RAW2DIGI_L1Reco_RECO_RECOSIM_PAT_VALIDATION_DQM.py
Failed to parse CPUID
%MSG-i AlpakaService:  (NoModuleName) 15-Mar-2024 07:17:57 CET pre-events
AlpakaServiceSerialSync succesfully initialised.
Found 1 device:
  - Intel Xeon Processor (Icelake)
%MSG
2024-03-15 07:17:59.638168: I tensorflow/core/util/port.cc:110] oneDNN custom operations are on. You may see slightly different numerical results due to floating-point round-off errors from different computation orders. To turn them off, set the environment variable `TF_ENABLE_ONEDNN_OPTS=0`.
15-Mar-2024 07:18:00 CET  Initiating request to open file file:step2.root
15-Mar-2024 07:18:01 CET  Successfully opened file file:step2.root
2024-03-15 07:18:17.454381: I tensorflow/core/platform/cpu_feature_guard.cc:182] This TensorFlow binary is optimized to use available CPU instructions in performance-critical operations.
To enable the following instructions: SSE4.1 SSE4.2 AVX AVX2 AVX512F AVX512_VNNI FMA, in other operations, rebuild TensorFlow with the appropriate compiler flags.
2024-03-15 07:18:17.467691: I tensorflow/compiler/mlir/mlir_graph_optimization_pass.cc:353] MLIR V1 optimization pass is not enabled
%MSG-w L1GtUtils:  L1GlobalTriggerRawToDigi:gtDigis@ctor  15-Mar-2024 07:18:20 CET pre-events
Found preferred tag InputTag:  label = gtDigis, instance = , process = RECO
 after having set unpreferred tag (InputTag:  label = dqmGtDigis, instance = , process = RECO) for L1GlobalTriggerReadoutRecord.
 Please change configuration to explicitly use the tag given above.
 This will avoid unnecessary prefetching of data not used.
%MSG
%MSG-w L1GtUtils:  L1GlobalTriggerRawToDigi:gtDigis@ctor  15-Mar-2024 07:18:20 CET pre-events
Found preferred tag InputTag:  label = gtDigis, instance = , process = RECO
 after having set unpreferred tag (InputTag:  label = dqmGtDigis, instance = , process = RECO) for L1GlobalTriggerReadoutRecord.
 Please change configuration to explicitly use the tag given above.
 This will avoid unnecessary prefetching of data not used.
%MSG
%MSG-w NonConsumedConditionalModules:  AfterModConstruction  15-Mar-2024 07:18:25 CET pre-events
The following modules were part of some ConditionalTask, but were not
consumed by any other module in any of the Paths to which the ConditionalTask
was associated. Perhaps they should be either removed from the
job, or moved to a Task to make it explicit they are unscheduled.

 ecalRecHit@cpu
 hbheprereco@cpu
 hbhereco@cpu
 siPixelClustersPreSplitting@cpu
 siPixelDigis@cpu
 siPixelRecHitsPreSplitting@cpu
%MSG
%MSG-w LogicError:  LheWeightValidation:lheWeightValidation@beginRun  15-Mar-2024 07:18:28 CET Run: 1
::getByLabel: An attempt was made to read a Run product before endRun() was called.
The product is of type 'LHERunInfoProduct'.
The specified ModuleLabel was 'externalLHEProducer'.
The specified productInstanceName was ''.

%MSG
Begin processing the 1st record. Run 1, Event 1, LumiSection 1 on stream 0 at 15-Mar-2024 07:18:41.249 CET
%MSG-w OnlineBeamSpotESProducer:   OnlineBeamSpotESProducer:BeamSpotESProducer@callESModule  15-Mar-2024 07:18:41 CET Run: 1 Event: 1
None of the Beam Spots in ES are available! 
 returning a fake one (fallback to PCL).
%MSG
#--------------------------------------------------------------------------
#                         FastJet release 3.4.1
#                 M. Cacciari, G.P. Salam and G. Soyez                  
#     A software package for jet finding and analysis at colliders      
#                           http://fastjet.fr                           
#	                                                                      
# Please cite EPJC72(2012)1896 [arXiv:1111.6097] if you use this package
# for scientific work and optionally PLB641(2006)57 [hep-ph/0512210].   
#                                                                       
# FastJet is provided without warranty under the GNU GPL v2 or higher.  
# It uses T. Chan's closest pair algorithm, S. Fortune's Voronoi code
# and 3rd party plugin jet algorithms. See COPYING file for details.
#--------------------------------------------------------------------------
Begin processing the 2nd record. Run 1, Event 2, LumiSection 1 on stream 0 at 15-Mar-2024 07:18:49.844 CET
Begin processing the 3rd record. Run 1, Event 3, LumiSection 1 on stream 0 at 15-Mar-2024 07:18:50.189 CET
Begin processing the 4th record. Run 1, Event 4, LumiSection 1 on stream 0 at 15-Mar-2024 07:18:50.558 CET
Begin processing the 5th record. Run 1, Event 5, LumiSection 1 on stream 0 at 15-Mar-2024 07:18:50.885 CET
Begin processing the 6th record. Run 1, Event 6, LumiSection 1 on stream 0 at 15-Mar-2024 07:18:51.258 CET
Begin processing the 7th record. Run 1, Event 7, LumiSection 1 on stream 0 at 15-Mar-2024 07:18:51.719 CET
Begin processing the 8th record. Run 1, Event 8, LumiSection 1 on stream 0 at 15-Mar-2024 07:18:51.972 CET
Begin processing the 9th record. Run 1, Event 9, LumiSection 1 on stream 0 at 15-Mar-2024 07:18:52.295 CET
Begin processing the 10th record. Run 1, Event 10, LumiSection 1 on stream 0 at 15-Mar-2024 07:18:52.634 CET
%MSG-w BSFitter:  AlcaBeamMonitor:AlcaBeamMonitor@endLumi  15-Mar-2024 07:18:52 CET Run: 1 Lumi: 1
need at least 150 tracks to run beamline fitter.
%MSG
0(4.4) 
1(4.4) 
2(4.4) 
4(4.4) 
5(4.4) 
6(4.4) 
15-Mar-2024 07:18:53 CET  Closed file file:step2.root
