HARVESTING:@standardDQM+@miniAODDQM+@nanoAODDQM
entry file:step3_inDQM.root
Step: HARVESTING Spec: ['@standardDQM', '@miniAODDQM', '@nanoAODDQM']
Starting  cmsRun  step4_HARVESTING.py
2024-03-15 07:58:18.201165: I tensorflow/core/util/port.cc:110] oneDNN custom operations are on. You may see slightly different numerical results due to floating-point round-off errors from different computation orders. To turn them off, set the environment variable `TF_ENABLE_ONEDNN_OPTS=0`.
15-Mar-2024 07:58:20 CETSuccessfully opened file file:step3_inDQM.root
%MSG-e HLTConfigProvider:  EgHLTOfflineClient:egHLTOffDQMClient@beginRun  15-Mar-2024 07:58:22 CET Run: 369978
Falling back to ProcessName-only init using ProcessName 'HLT' !
%MSG
%MSG-e HLTConfigProvider:  EgHLTOfflineClient:egHLTOffDQMClient@beginRun  15-Mar-2024 07:58:22 CET Run: 369978
 Process name 'HLT' not found in registry!
%MSG
%MSG-e HLTConfigProvider:   EgHLTOfflineSummaryClient:egHLTOffDQMSummaryClient@beginRun  15-Mar-2024 07:58:22 CET Run: 369978
Falling back to ProcessName-only init using ProcessName 'HLT' !
%MSG
%MSG-e HLTConfigProvider:   EgHLTOfflineSummaryClient:egHLTOffDQMSummaryClient@beginRun  15-Mar-2024 07:58:22 CET Run: 369978
 Process name 'HLT' not found in registry!
%MSG
%MSG-e DQMGenericClient:  DQMGenericClient:hltMuonEfficienciesMR@endRun  15-Mar-2024 07:58:24 CET End Run: 369978
 DQMGenericClient::findAllSubdirectories ==> Missing folder HLT/Muon/MR !!!
%MSG
%MSG-e DQMGenericClient:  DQMGenericClient:fsqClient@endRun  15-Mar-2024 07:58:24 CET End Run: 369978
 DQMGenericClient::findAllSubdirectories ==> Missing folder HLT/FSQ !!!
%MSG
%MSG-e DQMGenericClient:  DQMGenericClient:fsqClient@endRun  15-Mar-2024 07:58:24 CET End Run: 369978
 DQMGenericClient::findAllSubdirectories ==> Missing folder HLT/FSQ !!!
%MSG
%MSG-e DQMGenericClient:  DQMGenericClient:fsqClient@endRun  15-Mar-2024 07:58:24 CET End Run: 369978
 DQMGenericClient::findAllSubdirectories ==> Missing folder HLT/FSQ !!!
%MSG
%MSG-e DQMGenericClient:  DQMGenericClient:fsqClient@endRun  15-Mar-2024 07:58:24 CET End Run: 369978
 DQMGenericClient::findAllSubdirectories ==> Missing folder HLT/FSQ !!!
%MSG
%MSG-e DQMGenericClient:  DQMGenericClient:fsqClient@endRun  15-Mar-2024 07:58:24 CET End Run: 369978
 DQMGenericClient::findAllSubdirectories ==> Missing folder HLT/FSQ !!!
%MSG
%MSG-e DQMGenericClient:  DQMGenericClient:HiJetClient@endRun  15-Mar-2024 07:58:24 CET End Run: 369978
 DQMGenericClient::findAllSubdirectories ==> Missing folder HLT/HI !!!
%MSG
%MSG-e DQMGenericClient:  DQMGenericClient:HiJetClient@endRun  15-Mar-2024 07:58:24 CET End Run: 369978
 DQMGenericClient::findAllSubdirectories ==> Missing folder HLT/HI !!!
%MSG
%MSG-e DQMGenericClient:  DQMGenericClient:HiJetClient@endRun  15-Mar-2024 07:58:24 CET End Run: 369978
 DQMGenericClient::findAllSubdirectories ==> Missing folder HLT/HI !!!
%MSG
%MSG-e DQMGenericClient:  DQMGenericClient:HiJetClient@endRun  15-Mar-2024 07:58:24 CET End Run: 369978
 DQMGenericClient::findAllSubdirectories ==> Missing folder HLT/HI !!!
%MSG
%MSG-e DQMGenericClient:  DQMGenericClient:HiJetClient@endRun  15-Mar-2024 07:58:24 CET End Run: 369978
 DQMGenericClient::findAllSubdirectories ==> Missing folder HLT/HI !!!
%MSG
%MSG-e DQMGenericClient:  DQMGenericClient:HiJetClient@endRun  15-Mar-2024 07:58:24 CET End Run: 369978
 DQMGenericClient::findAllSubdirectories ==> Missing folder HLT/HI !!!
%MSG
%MSG-e DQMGenericClient:  DQMGenericClient:HiJetClient@endRun  15-Mar-2024 07:58:24 CET End Run: 369978
 DQMGenericClient::findAllSubdirectories ==> Missing folder HLT/HI !!!
%MSG
%MSG-e DQMGenericClient:  DQMGenericClient:HiJetClient@endRun  15-Mar-2024 07:58:24 CET End Run: 369978
 DQMGenericClient::findAllSubdirectories ==> Missing folder HLT/HI !!!
%MSG
%MSG-e DQMGenericClient:  DQMGenericClient:HiJetClient@endRun  15-Mar-2024 07:58:24 CET End Run: 369978
 DQMGenericClient::findAllSubdirectories ==> Missing folder HLT/HI !!!
%MSG
%MSG-e DQMGenericClient:  DQMGenericClient:HiJetClient@endRun  15-Mar-2024 07:58:24 CET End Run: 369978
 DQMGenericClient::findAllSubdirectories ==> Missing folder HLT/HI !!!
%MSG
%MSG-e DQMGenericClient:  DQMGenericClient:HiJetClient@endRun  15-Mar-2024 07:58:24 CET End Run: 369978
 DQMGenericClient::findAllSubdirectories ==> Missing folder HLT/HI !!!
%MSG
%MSG-e DQMGenericClient:  DQMGenericClient:vbfsusyEfficiency@endRun  15-Mar-2024 07:58:24 CET End Run: 369978
 DQMGenericClient::findAllSubdirectories ==> Missing folder HLT/SUSY/VBF !!!
%MSG
%MSG-e DQMGenericClient:  DQMGenericClient:vbfmetEfficiency@endRun  15-Mar-2024 07:58:24 CET End Run: 369978
 DQMGenericClient::findAllSubdirectories ==> Missing folder HLT/HIG/VBFMET !!!
%MSG
%MSG-e DQMGenericClient:  DQMGenericClient:vbftauEfficiency@endRun  15-Mar-2024 07:58:24 CET End Run: 369978
 DQMGenericClient::findAllSubdirectories ==> Missing folder HLT/HIG/VBFTau !!!
%MSG
%MSG-e DQMGenericClient:  DQMGenericClient:mssmHbbBtag@endRun  15-Mar-2024 07:58:24 CET End Run: 369978
 DQMGenericClient::findAllSubdirectories ==> Missing folder HLT/HIG/MssmHbb/control/btag !!!
%MSG
%MSG-e DQMGenericClient:  DQMGenericClient:MssmHbbHLTEfficiency@endRun  15-Mar-2024 07:58:24 CET End Run: 369978
 DQMGenericClient::findAllSubdirectories ==> Missing folder HLT/HIG/MssmHbb/fullhadronic !!!
%MSG
%MSG-e DQMGenericClient:  DQMGenericClient:MssmHbbmuHLTEfficiency@endRun  15-Mar-2024 07:58:24 CET End Run: 369978
 DQMGenericClient::findAllSubdirectories ==> Missing folder HLT/HIG/MssmHbb/semileptonic !!!
%MSG
%MSG-e DQMGenericClient:   DQMGenericClient:topEfficiency_fullyhadronic_DoubleBTag_DeepJet@endRun  15-Mar-2024 07:58:24 CET End Run: 369978
 DQMGenericClient::findAllSubdirectories ==> Missing folder HLT/TOP/FullyHadronic/DoubleBTagDeepJet !!!
%MSG
%MSG-e DQMGenericClient:   DQMGenericClient:topEfficiency_fullyhadronic_SingleBTag_DeepJet@endRun  15-Mar-2024 07:58:24 CET End Run: 369978
 DQMGenericClient::findAllSubdirectories ==> Missing folder HLT/TOP/FullyHadronic/SingleBTagDeepJet !!!
%MSG
%MSG-e DQMGenericClient:  DQMGenericClient:BTVEfficiency_PFJet@endRun  15-Mar-2024 07:58:24 CET End Run: 369978
 DQMGenericClient::findAllSubdirectories ==> Missing folder HLT/BTV/PFJet !!!
%MSG





%MSG-e DQMCorrelationClient:   DQMCorrelationClient:pixelClusterVsLumiPXBarrel@endProcessBlock  15-Mar-2024 07:58:28 CET post-events
MEs not found! HLT/Pixel/num_clusters_per_Lumisection_PXBarrel not found 
%MSG
%MSG-e DQMCorrelationClient:   DQMCorrelationClient:pixelClusterVsLumiPXForward@endProcessBlock  15-Mar-2024 07:58:28 CET post-events
MEs not found! HLT/Pixel/num_clusters_per_Lumisection_PXForward not found 
%MSG
%MSG-e DQMGenericClient:   HLTMuonRefMethod:hltMuonRefEfficienciesMR@endProcessBlock  15-Mar-2024 07:58:28 CET post-events
 DQMGenericClient::findAllSubdirectories ==> Missing folder HLT/Muon/MR !!!
%MSG





DQMFileSaver::globalEndRun()
15-Mar-2024 07:58:36 CETClosed file
